<?xml version="1.0" encoding="UTF-8"?>
<!-- Generated by org.testng.reporters.JUnitReportReporter -->
<testsuite skipped="0" hostname="DESKTOP-C595T5H" name="qaclickacademy.AppiumTest" tests="2" failures="0" timestamp="19 Jul 2019 16:30:14 GMT" time="0.003" errors="0">
  <testcase name="nativeappAndroid" time="0.000" classname="qaclickacademy.AppiumTest"/>
  <testcase name="IOSApps" time="0.003" classname="qaclickacademy.AppiumTest"/>
</testsuite> <!-- qaclickacademy.AppiumTest -->
