<?xml version="1.0" encoding="UTF-8"?>
<!-- Generated by org.testng.reporters.JUnitReportReporter -->
<testsuite skipped="0" hostname="DESKTOP-C595T5H" name="qaclickacademy.SeleniumTest" tests="2" failures="0" timestamp="19 Jul 2019 16:30:14 GMT" time="0.021" errors="0">
  <testcase name="elementsUi" time="0.002" classname="qaclickacademy.SeleniumTest"/>
  <testcase name="BrowserAutomation" time="0.019" classname="qaclickacademy.SeleniumTest"/>
</testsuite> <!-- qaclickacademy.SeleniumTest -->
